EDA Netlist Writer report for C5G
Sat Dec 19 09:58:37 2015
Quartus Prime Version 15.1.0 Build 185 10/21/2015 SJ Lite Edition


---------------------
; Table of Contents ;
---------------------
  1. Legal Notice
  2. EDA Netlist Writer Summary
  3. EDA Netlist Writer Messages



----------------
; Legal Notice ;
----------------
Copyright (C) 1991-2015 Altera Corporation. All rights reserved.
Your use of Altera Corporation's design tools, logic functions 
and other software and tools, and its AMPP partner logic 
functions, and any output files from any of the foregoing 
(including device programming or simulation files), and any 
associated documentation or information are expressly subject 
to the terms and conditions of the Altera Program License 
Subscription Agreement, the Altera Quartus Prime License Agreement,
the Altera MegaCore Function License Agreement, or other 
applicable license agreement, including, without limitation, 
that your use is for the sole purpose of programming logic 
devices manufactured by Altera and sold by Altera or its 
authorized distributors.  Please refer to the applicable 
agreement for further details.



+---------------------------------------------------------------+
; EDA Netlist Writer Summary                                    ;
+---------------------------+-----------------------------------+
; EDA Netlist Writer Status ; Failed - Sat Dec 19 09:58:37 2015 ;
; Revision Name             ; C5G                               ;
; Top-level Entity Name     ; C5G                               ;
; Family                    ; Cyclone V                         ;
+---------------------------+-----------------------------------+


+-----------------------------+
; EDA Netlist Writer Messages ;
+-----------------------------+
Info: *******************************************************************
Info: Running Quartus Prime EDA Netlist Writer
    Info: Version 15.1.0 Build 185 10/21/2015 SJ Lite Edition
    Info: Processing started: Sat Dec 19 09:58:35 2015
Info: Command: quartus_eda --read_settings_files=off --write_settings_files=off C5G -c C5G
Error (204012): Can't generate netlist output files because the file "/home/tomas/ws_cad/sdr.hdl/tx/CICU/synthesis/submodules/auk_dspip_avalon_streaming_controller.vhd" is an OpenCore Plus time-limited file. Remove the unlicensed cores or obtain a license for those OpenCore Plus time-limited IP cores used in the design. The Altera Knowledge Database contains many articles with specific details on how to resolve this error. Visit the Knowledge Database at https://www.altera.com/support/support-resources/knowledge-base/search.html and search for this specific error message number.
Error (204012): Can't generate netlist output files because the file "/home/tomas/ws_cad/sdr.hdl/tx/CICU/synthesis/submodules/auk_dspip_integrator.vhd" is an OpenCore Plus time-limited file. Remove the unlicensed cores or obtain a license for those OpenCore Plus time-limited IP cores used in the design. The Altera Knowledge Database contains many articles with specific details on how to resolve this error. Visit the Knowledge Database at https://www.altera.com/support/support-resources/knowledge-base/search.html and search for this specific error message number.
Error (204012): Can't generate netlist output files because the file "/home/tomas/ws_cad/sdr.hdl/tx/CICU/synthesis/submodules/alt_cic_core.sv" is an OpenCore Plus time-limited file. Remove the unlicensed cores or obtain a license for those OpenCore Plus time-limited IP cores used in the design. The Altera Knowledge Database contains many articles with specific details on how to resolve this error. Visit the Knowledge Database at https://www.altera.com/support/support-resources/knowledge-base/search.html and search for this specific error message number.
Error (204012): Can't generate netlist output files because the file "/home/tomas/ws_cad/sdr.hdl/tx/NCO/synthesis/submodules/sid_2c_1p.v" is an OpenCore Plus time-limited file. Remove the unlicensed cores or obtain a license for those OpenCore Plus time-limited IP cores used in the design. The Altera Knowledge Database contains many articles with specific details on how to resolve this error. Visit the Knowledge Database at https://www.altera.com/support/support-resources/knowledge-base/search.html and search for this specific error message number.
Error (204012): Can't generate netlist output files because the file "/home/tomas/ws_cad/sdr.hdl/tx/NCO/synthesis/submodules/asj_altqmcpipe.v" is an OpenCore Plus time-limited file. Remove the unlicensed cores or obtain a license for those OpenCore Plus time-limited IP cores used in the design. The Altera Knowledge Database contains many articles with specific details on how to resolve this error. Visit the Knowledge Database at https://www.altera.com/support/support-resources/knowledge-base/search.html and search for this specific error message number.
Error (204012): Can't generate netlist output files because the file "/home/tomas/ws_cad/sdr.hdl/tx/NCO/synthesis/submodules/asj_xnqg.v" is an OpenCore Plus time-limited file. Remove the unlicensed cores or obtain a license for those OpenCore Plus time-limited IP cores used in the design. The Altera Knowledge Database contains many articles with specific details on how to resolve this error. Visit the Knowledge Database at https://www.altera.com/support/support-resources/knowledge-base/search.html and search for this specific error message number.
Error (204012): Can't generate netlist output files because the file "/home/tomas/ws_cad/sdr.hdl/tx/NCO/synthesis/submodules/asj_nco_apr_dxx.v" is an OpenCore Plus time-limited file. Remove the unlicensed cores or obtain a license for those OpenCore Plus time-limited IP cores used in the design. The Altera Knowledge Database contains many articles with specific details on how to resolve this error. Visit the Knowledge Database at https://www.altera.com/support/support-resources/knowledge-base/search.html and search for this specific error message number.
Error (204012): Can't generate netlist output files because the file "/home/tomas/ws_cad/sdr.hdl/tx/NCO/synthesis/submodules/segment_arr_tdl.v" is an OpenCore Plus time-limited file. Remove the unlicensed cores or obtain a license for those OpenCore Plus time-limited IP cores used in the design. The Altera Knowledge Database contains many articles with specific details on how to resolve this error. Visit the Knowledge Database at https://www.altera.com/support/support-resources/knowledge-base/search.html and search for this specific error message number.
Error (204012): Can't generate netlist output files because the file "/home/tomas/ws_cad/sdr.hdl/tx/CICU/synthesis/submodules/auk_dspip_avalon_streaming_source.vhd" is an OpenCore Plus time-limited file. Remove the unlicensed cores or obtain a license for those OpenCore Plus time-limited IP cores used in the design. The Altera Knowledge Database contains many articles with specific details on how to resolve this error. Visit the Knowledge Database at https://www.altera.com/support/support-resources/knowledge-base/search.html and search for this specific error message number.
Error (204012): Can't generate netlist output files because the file "/home/tomas/ws_cad/sdr.hdl/tx/CICU/synthesis/submodules/alt_dsp_cic_common_pkg.sv" is an OpenCore Plus time-limited file. Remove the unlicensed cores or obtain a license for those OpenCore Plus time-limited IP cores used in the design. The Altera Knowledge Database contains many articles with specific details on how to resolve this error. Visit the Knowledge Database at https://www.altera.com/support/support-resources/knowledge-base/search.html and search for this specific error message number.
Error (204012): Can't generate netlist output files because the file "/home/tomas/ws_cad/sdr.hdl/tx/CICU/synthesis/submodules/auk_dspip_avalon_streaming_small_fifo.vhd" is an OpenCore Plus time-limited file. Remove the unlicensed cores or obtain a license for those OpenCore Plus time-limited IP cores used in the design. The Altera Knowledge Database contains many articles with specific details on how to resolve this error. Visit the Knowledge Database at https://www.altera.com/support/support-resources/knowledge-base/search.html and search for this specific error message number.
Error (204012): Can't generate netlist output files because the file "/home/tomas/ws_cad/sdr.hdl/tx/CICU/synthesis/submodules/alt_cic_int_siso.sv" is an OpenCore Plus time-limited file. Remove the unlicensed cores or obtain a license for those OpenCore Plus time-limited IP cores used in the design. The Altera Knowledge Database contains many articles with specific details on how to resolve this error. Visit the Knowledge Database at https://www.altera.com/support/support-resources/knowledge-base/search.html and search for this specific error message number.
Error (204012): Can't generate netlist output files because the file "/home/tomas/ws_cad/sdr.hdl/tx/CICU/synthesis/submodules/counter_module.sv" is an OpenCore Plus time-limited file. Remove the unlicensed cores or obtain a license for those OpenCore Plus time-limited IP cores used in the design. The Altera Knowledge Database contains many articles with specific details on how to resolve this error. Visit the Knowledge Database at https://www.altera.com/support/support-resources/knowledge-base/search.html and search for this specific error message number.
Error (204012): Can't generate netlist output files because the file "/home/tomas/ws_cad/sdr.hdl/tx/NCO/synthesis/submodules/asj_gar.v" is an OpenCore Plus time-limited file. Remove the unlicensed cores or obtain a license for those OpenCore Plus time-limited IP cores used in the design. The Altera Knowledge Database contains many articles with specific details on how to resolve this error. Visit the Knowledge Database at https://www.altera.com/support/support-resources/knowledge-base/search.html and search for this specific error message number.
Error (204012): Can't generate netlist output files because the file "/home/tomas/ws_cad/sdr.hdl/tx/NCO/synthesis/submodules/asj_nco_isdr.v" is an OpenCore Plus time-limited file. Remove the unlicensed cores or obtain a license for those OpenCore Plus time-limited IP cores used in the design. The Altera Knowledge Database contains many articles with specific details on how to resolve this error. Visit the Knowledge Database at https://www.altera.com/support/support-resources/knowledge-base/search.html and search for this specific error message number.
Error (204012): Can't generate netlist output files because the file "/home/tomas/ws_cad/sdr.hdl/tx/NCO/synthesis/submodules/asj_nco_as_m_cen.v" is an OpenCore Plus time-limited file. Remove the unlicensed cores or obtain a license for those OpenCore Plus time-limited IP cores used in the design. The Altera Knowledge Database contains many articles with specific details on how to resolve this error. Visit the Knowledge Database at https://www.altera.com/support/support-resources/knowledge-base/search.html and search for this specific error message number.
Error (204012): Can't generate netlist output files because the file "/home/tomas/ws_cad/sdr.hdl/tx/NCO/synthesis/submodules/asj_dxx.v" is an OpenCore Plus time-limited file. Remove the unlicensed cores or obtain a license for those OpenCore Plus time-limited IP cores used in the design. The Altera Knowledge Database contains many articles with specific details on how to resolve this error. Visit the Knowledge Database at https://www.altera.com/support/support-resources/knowledge-base/search.html and search for this specific error message number.
Error (204012): Can't generate netlist output files because the file "/home/tomas/ws_cad/sdr.hdl/tx/CICU/synthesis/submodules/auk_dspip_avalon_streaming_sink.vhd" is an OpenCore Plus time-limited file. Remove the unlicensed cores or obtain a license for those OpenCore Plus time-limited IP cores used in the design. The Altera Knowledge Database contains many articles with specific details on how to resolve this error. Visit the Knowledge Database at https://www.altera.com/support/support-resources/knowledge-base/search.html and search for this specific error message number.
Error (204012): Can't generate netlist output files because the file "/home/tomas/ws_cad/sdr.hdl/tx/CICU/synthesis/submodules/auk_dspip_differentiator.vhd" is an OpenCore Plus time-limited file. Remove the unlicensed cores or obtain a license for those OpenCore Plus time-limited IP cores used in the design. The Altera Knowledge Database contains many articles with specific details on how to resolve this error. Visit the Knowledge Database at https://www.altera.com/support/support-resources/knowledge-base/search.html and search for this specific error message number.
Error (204012): Can't generate netlist output files because the file "/home/tomas/ws_cad/sdr.hdl/tx/CICU/synthesis/submodules/auk_dspip_upsample.vhd" is an OpenCore Plus time-limited file. Remove the unlicensed cores or obtain a license for those OpenCore Plus time-limited IP cores used in the design. The Altera Knowledge Database contains many articles with specific details on how to resolve this error. Visit the Knowledge Database at https://www.altera.com/support/support-resources/knowledge-base/search.html and search for this specific error message number.
Error (204012): Can't generate netlist output files because the file "/home/tomas/ws_cad/sdr.hdl/tx/NCO/synthesis/submodules/asj_dxx_g.v" is an OpenCore Plus time-limited file. Remove the unlicensed cores or obtain a license for those OpenCore Plus time-limited IP cores used in the design. The Altera Knowledge Database contains many articles with specific details on how to resolve this error. Visit the Knowledge Database at https://www.altera.com/support/support-resources/knowledge-base/search.html and search for this specific error message number.
Error (204012): Can't generate netlist output files because the file "/home/tomas/ws_cad/sdr.hdl/tx/NCO/synthesis/submodules/segment_sel.v" is an OpenCore Plus time-limited file. Remove the unlicensed cores or obtain a license for those OpenCore Plus time-limited IP cores used in the design. The Altera Knowledge Database contains many articles with specific details on how to resolve this error. Visit the Knowledge Database at https://www.altera.com/support/support-resources/knowledge-base/search.html and search for this specific error message number.
Error (204012): Can't generate netlist output files because the file "/home/tomas/ws_cad/sdr.hdl/tx/NCO/synthesis/submodules/asj_nco_fxx.v" is an OpenCore Plus time-limited file. Remove the unlicensed cores or obtain a license for those OpenCore Plus time-limited IP cores used in the design. The Altera Knowledge Database contains many articles with specific details on how to resolve this error. Visit the Knowledge Database at https://www.altera.com/support/support-resources/knowledge-base/search.html and search for this specific error message number.
Error (204012): Can't generate netlist output files because the file "/home/tomas/ws_cad/sdr.hdl/tx/NCO/synthesis/submodules/asj_nco_mob_rw.v" is an OpenCore Plus time-limited file. Remove the unlicensed cores or obtain a license for those OpenCore Plus time-limited IP cores used in the design. The Altera Knowledge Database contains many articles with specific details on how to resolve this error. Visit the Knowledge Database at https://www.altera.com/support/support-resources/knowledge-base/search.html and search for this specific error message number.
Error (204009): Can't generate netlist output files because the license for encrypted file "/home/tomas/ws_cad/sdr.hdl/tx/CICU/synthesis/submodules/auk_dspip_avalon_streaming_controller.vhd" is not available
Error (204009): Can't generate netlist output files because the license for encrypted file "/home/tomas/ws_cad/sdr.hdl/tx/CICU/synthesis/submodules/auk_dspip_integrator.vhd" is not available
Error (204009): Can't generate netlist output files because the license for encrypted file "/home/tomas/ws_cad/sdr.hdl/tx/CICU/synthesis/submodules/alt_cic_core.sv" is not available
Error (204009): Can't generate netlist output files because the license for encrypted file "/home/tomas/ws_cad/sdr.hdl/tx/NCO/synthesis/submodules/sid_2c_1p.v" is not available
Error (204009): Can't generate netlist output files because the license for encrypted file "/home/tomas/ws_cad/sdr.hdl/tx/NCO/synthesis/submodules/asj_altqmcpipe.v" is not available
Error (204009): Can't generate netlist output files because the license for encrypted file "/home/tomas/ws_cad/sdr.hdl/tx/NCO/synthesis/submodules/asj_xnqg.v" is not available
Error (204009): Can't generate netlist output files because the license for encrypted file "/home/tomas/ws_cad/sdr.hdl/tx/NCO/synthesis/submodules/asj_nco_apr_dxx.v" is not available
Error (204009): Can't generate netlist output files because the license for encrypted file "/home/tomas/ws_cad/sdr.hdl/tx/NCO/synthesis/submodules/segment_arr_tdl.v" is not available
Error (204009): Can't generate netlist output files because the license for encrypted file "/home/tomas/ws_cad/sdr.hdl/tx/CICU/synthesis/submodules/auk_dspip_avalon_streaming_source.vhd" is not available
Error (204009): Can't generate netlist output files because the license for encrypted file "/home/tomas/ws_cad/sdr.hdl/tx/CICU/synthesis/submodules/alt_dsp_cic_common_pkg.sv" is not available
Error (204009): Can't generate netlist output files because the license for encrypted file "/home/tomas/ws_cad/sdr.hdl/tx/CICU/synthesis/submodules/auk_dspip_avalon_streaming_small_fifo.vhd" is not available
Error (204009): Can't generate netlist output files because the license for encrypted file "/home/tomas/ws_cad/sdr.hdl/tx/CICU/synthesis/submodules/alt_cic_int_siso.sv" is not available
Error (204009): Can't generate netlist output files because the license for encrypted file "/home/tomas/ws_cad/sdr.hdl/tx/CICU/synthesis/submodules/counter_module.sv" is not available
Error (204009): Can't generate netlist output files because the license for encrypted file "/home/tomas/ws_cad/sdr.hdl/tx/NCO/synthesis/submodules/asj_gar.v" is not available
Error (204009): Can't generate netlist output files because the license for encrypted file "/home/tomas/ws_cad/sdr.hdl/tx/NCO/synthesis/submodules/asj_nco_isdr.v" is not available
Error (204009): Can't generate netlist output files because the license for encrypted file "/home/tomas/ws_cad/sdr.hdl/tx/NCO/synthesis/submodules/asj_nco_as_m_cen.v" is not available
Error (204009): Can't generate netlist output files because the license for encrypted file "/home/tomas/ws_cad/sdr.hdl/tx/NCO/synthesis/submodules/asj_dxx.v" is not available
Error (204009): Can't generate netlist output files because the license for encrypted file "/home/tomas/ws_cad/sdr.hdl/tx/CICU/synthesis/submodules/auk_dspip_avalon_streaming_sink.vhd" is not available
Error (204009): Can't generate netlist output files because the license for encrypted file "/home/tomas/ws_cad/sdr.hdl/tx/CICU/synthesis/submodules/auk_dspip_differentiator.vhd" is not available
Error (204009): Can't generate netlist output files because the license for encrypted file "/home/tomas/ws_cad/sdr.hdl/tx/CICU/synthesis/submodules/auk_dspip_upsample.vhd" is not available
Error (204009): Can't generate netlist output files because the license for encrypted file "/home/tomas/ws_cad/sdr.hdl/tx/NCO/synthesis/submodules/asj_dxx_g.v" is not available
Error (204009): Can't generate netlist output files because the license for encrypted file "/home/tomas/ws_cad/sdr.hdl/tx/NCO/synthesis/submodules/segment_sel.v" is not available
Error (204009): Can't generate netlist output files because the license for encrypted file "/home/tomas/ws_cad/sdr.hdl/tx/NCO/synthesis/submodules/asj_nco_fxx.v" is not available
Error (204009): Can't generate netlist output files because the license for encrypted file "/home/tomas/ws_cad/sdr.hdl/tx/NCO/synthesis/submodules/asj_nco_mob_rw.v" is not available
Error (204012): Can't generate netlist output files because the file "/home/tomas/ws_cad/sdr.hdl/tx/CICU/synthesis/submodules/auk_dspip_avalon_streaming_controller.vhd" is an OpenCore Plus time-limited file. Remove the unlicensed cores or obtain a license for those OpenCore Plus time-limited IP cores used in the design. The Altera Knowledge Database contains many articles with specific details on how to resolve this error. Visit the Knowledge Database at https://www.altera.com/support/support-resources/knowledge-base/search.html and search for this specific error message number.
Error (204012): Can't generate netlist output files because the file "/home/tomas/ws_cad/sdr.hdl/tx/CICU/synthesis/submodules/auk_dspip_integrator.vhd" is an OpenCore Plus time-limited file. Remove the unlicensed cores or obtain a license for those OpenCore Plus time-limited IP cores used in the design. The Altera Knowledge Database contains many articles with specific details on how to resolve this error. Visit the Knowledge Database at https://www.altera.com/support/support-resources/knowledge-base/search.html and search for this specific error message number.
Error (204012): Can't generate netlist output files because the file "/home/tomas/ws_cad/sdr.hdl/tx/CICU/synthesis/submodules/alt_cic_core.sv" is an OpenCore Plus time-limited file. Remove the unlicensed cores or obtain a license for those OpenCore Plus time-limited IP cores used in the design. The Altera Knowledge Database contains many articles with specific details on how to resolve this error. Visit the Knowledge Database at https://www.altera.com/support/support-resources/knowledge-base/search.html and search for this specific error message number.
Error (204012): Can't generate netlist output files because the file "/home/tomas/ws_cad/sdr.hdl/tx/NCO/synthesis/submodules/sid_2c_1p.v" is an OpenCore Plus time-limited file. Remove the unlicensed cores or obtain a license for those OpenCore Plus time-limited IP cores used in the design. The Altera Knowledge Database contains many articles with specific details on how to resolve this error. Visit the Knowledge Database at https://www.altera.com/support/support-resources/knowledge-base/search.html and search for this specific error message number.
Error (204012): Can't generate netlist output files because the file "/home/tomas/ws_cad/sdr.hdl/tx/NCO/synthesis/submodules/asj_altqmcpipe.v" is an OpenCore Plus time-limited file. Remove the unlicensed cores or obtain a license for those OpenCore Plus time-limited IP cores used in the design. The Altera Knowledge Database contains many articles with specific details on how to resolve this error. Visit the Knowledge Database at https://www.altera.com/support/support-resources/knowledge-base/search.html and search for this specific error message number.
Error (204012): Can't generate netlist output files because the file "/home/tomas/ws_cad/sdr.hdl/tx/NCO/synthesis/submodules/asj_xnqg.v" is an OpenCore Plus time-limited file. Remove the unlicensed cores or obtain a license for those OpenCore Plus time-limited IP cores used in the design. The Altera Knowledge Database contains many articles with specific details on how to resolve this error. Visit the Knowledge Database at https://www.altera.com/support/support-resources/knowledge-base/search.html and search for this specific error message number.
Error (204012): Can't generate netlist output files because the file "/home/tomas/ws_cad/sdr.hdl/tx/NCO/synthesis/submodules/asj_nco_apr_dxx.v" is an OpenCore Plus time-limited file. Remove the unlicensed cores or obtain a license for those OpenCore Plus time-limited IP cores used in the design. The Altera Knowledge Database contains many articles with specific details on how to resolve this error. Visit the Knowledge Database at https://www.altera.com/support/support-resources/knowledge-base/search.html and search for this specific error message number.
Error (204012): Can't generate netlist output files because the file "/home/tomas/ws_cad/sdr.hdl/tx/NCO/synthesis/submodules/segment_arr_tdl.v" is an OpenCore Plus time-limited file. Remove the unlicensed cores or obtain a license for those OpenCore Plus time-limited IP cores used in the design. The Altera Knowledge Database contains many articles with specific details on how to resolve this error. Visit the Knowledge Database at https://www.altera.com/support/support-resources/knowledge-base/search.html and search for this specific error message number.
Error (204012): Can't generate netlist output files because the file "/home/tomas/ws_cad/sdr.hdl/tx/CICU/synthesis/submodules/auk_dspip_avalon_streaming_source.vhd" is an OpenCore Plus time-limited file. Remove the unlicensed cores or obtain a license for those OpenCore Plus time-limited IP cores used in the design. The Altera Knowledge Database contains many articles with specific details on how to resolve this error. Visit the Knowledge Database at https://www.altera.com/support/support-resources/knowledge-base/search.html and search for this specific error message number.
Error (204012): Can't generate netlist output files because the file "/home/tomas/ws_cad/sdr.hdl/tx/CICU/synthesis/submodules/alt_dsp_cic_common_pkg.sv" is an OpenCore Plus time-limited file. Remove the unlicensed cores or obtain a license for those OpenCore Plus time-limited IP cores used in the design. The Altera Knowledge Database contains many articles with specific details on how to resolve this error. Visit the Knowledge Database at https://www.altera.com/support/support-resources/knowledge-base/search.html and search for this specific error message number.
Error (204012): Can't generate netlist output files because the file "/home/tomas/ws_cad/sdr.hdl/tx/CICU/synthesis/submodules/auk_dspip_avalon_streaming_small_fifo.vhd" is an OpenCore Plus time-limited file. Remove the unlicensed cores or obtain a license for those OpenCore Plus time-limited IP cores used in the design. The Altera Knowledge Database contains many articles with specific details on how to resolve this error. Visit the Knowledge Database at https://www.altera.com/support/support-resources/knowledge-base/search.html and search for this specific error message number.
Error (204012): Can't generate netlist output files because the file "/home/tomas/ws_cad/sdr.hdl/tx/CICU/synthesis/submodules/alt_cic_int_siso.sv" is an OpenCore Plus time-limited file. Remove the unlicensed cores or obtain a license for those OpenCore Plus time-limited IP cores used in the design. The Altera Knowledge Database contains many articles with specific details on how to resolve this error. Visit the Knowledge Database at https://www.altera.com/support/support-resources/knowledge-base/search.html and search for this specific error message number.
Error (204012): Can't generate netlist output files because the file "/home/tomas/ws_cad/sdr.hdl/tx/CICU/synthesis/submodules/counter_module.sv" is an OpenCore Plus time-limited file. Remove the unlicensed cores or obtain a license for those OpenCore Plus time-limited IP cores used in the design. The Altera Knowledge Database contains many articles with specific details on how to resolve this error. Visit the Knowledge Database at https://www.altera.com/support/support-resources/knowledge-base/search.html and search for this specific error message number.
Error (204012): Can't generate netlist output files because the file "/home/tomas/ws_cad/sdr.hdl/tx/NCO/synthesis/submodules/asj_gar.v" is an OpenCore Plus time-limited file. Remove the unlicensed cores or obtain a license for those OpenCore Plus time-limited IP cores used in the design. The Altera Knowledge Database contains many articles with specific details on how to resolve this error. Visit the Knowledge Database at https://www.altera.com/support/support-resources/knowledge-base/search.html and search for this specific error message number.
Error (204012): Can't generate netlist output files because the file "/home/tomas/ws_cad/sdr.hdl/tx/NCO/synthesis/submodules/asj_nco_isdr.v" is an OpenCore Plus time-limited file. Remove the unlicensed cores or obtain a license for those OpenCore Plus time-limited IP cores used in the design. The Altera Knowledge Database contains many articles with specific details on how to resolve this error. Visit the Knowledge Database at https://www.altera.com/support/support-resources/knowledge-base/search.html and search for this specific error message number.
Error (204012): Can't generate netlist output files because the file "/home/tomas/ws_cad/sdr.hdl/tx/NCO/synthesis/submodules/asj_nco_as_m_cen.v" is an OpenCore Plus time-limited file. Remove the unlicensed cores or obtain a license for those OpenCore Plus time-limited IP cores used in the design. The Altera Knowledge Database contains many articles with specific details on how to resolve this error. Visit the Knowledge Database at https://www.altera.com/support/support-resources/knowledge-base/search.html and search for this specific error message number.
Error (204012): Can't generate netlist output files because the file "/home/tomas/ws_cad/sdr.hdl/tx/NCO/synthesis/submodules/asj_dxx.v" is an OpenCore Plus time-limited file. Remove the unlicensed cores or obtain a license for those OpenCore Plus time-limited IP cores used in the design. The Altera Knowledge Database contains many articles with specific details on how to resolve this error. Visit the Knowledge Database at https://www.altera.com/support/support-resources/knowledge-base/search.html and search for this specific error message number.
Error (204012): Can't generate netlist output files because the file "/home/tomas/ws_cad/sdr.hdl/tx/CICU/synthesis/submodules/auk_dspip_avalon_streaming_sink.vhd" is an OpenCore Plus time-limited file. Remove the unlicensed cores or obtain a license for those OpenCore Plus time-limited IP cores used in the design. The Altera Knowledge Database contains many articles with specific details on how to resolve this error. Visit the Knowledge Database at https://www.altera.com/support/support-resources/knowledge-base/search.html and search for this specific error message number.
Error (204012): Can't generate netlist output files because the file "/home/tomas/ws_cad/sdr.hdl/tx/CICU/synthesis/submodules/auk_dspip_differentiator.vhd" is an OpenCore Plus time-limited file. Remove the unlicensed cores or obtain a license for those OpenCore Plus time-limited IP cores used in the design. The Altera Knowledge Database contains many articles with specific details on how to resolve this error. Visit the Knowledge Database at https://www.altera.com/support/support-resources/knowledge-base/search.html and search for this specific error message number.
Error (204012): Can't generate netlist output files because the file "/home/tomas/ws_cad/sdr.hdl/tx/CICU/synthesis/submodules/auk_dspip_upsample.vhd" is an OpenCore Plus time-limited file. Remove the unlicensed cores or obtain a license for those OpenCore Plus time-limited IP cores used in the design. The Altera Knowledge Database contains many articles with specific details on how to resolve this error. Visit the Knowledge Database at https://www.altera.com/support/support-resources/knowledge-base/search.html and search for this specific error message number.
Error (204012): Can't generate netlist output files because the file "/home/tomas/ws_cad/sdr.hdl/tx/NCO/synthesis/submodules/asj_dxx_g.v" is an OpenCore Plus time-limited file. Remove the unlicensed cores or obtain a license for those OpenCore Plus time-limited IP cores used in the design. The Altera Knowledge Database contains many articles with specific details on how to resolve this error. Visit the Knowledge Database at https://www.altera.com/support/support-resources/knowledge-base/search.html and search for this specific error message number.
Error (204012): Can't generate netlist output files because the file "/home/tomas/ws_cad/sdr.hdl/tx/NCO/synthesis/submodules/segment_sel.v" is an OpenCore Plus time-limited file. Remove the unlicensed cores or obtain a license for those OpenCore Plus time-limited IP cores used in the design. The Altera Knowledge Database contains many articles with specific details on how to resolve this error. Visit the Knowledge Database at https://www.altera.com/support/support-resources/knowledge-base/search.html and search for this specific error message number.
Error (204012): Can't generate netlist output files because the file "/home/tomas/ws_cad/sdr.hdl/tx/NCO/synthesis/submodules/asj_nco_fxx.v" is an OpenCore Plus time-limited file. Remove the unlicensed cores or obtain a license for those OpenCore Plus time-limited IP cores used in the design. The Altera Knowledge Database contains many articles with specific details on how to resolve this error. Visit the Knowledge Database at https://www.altera.com/support/support-resources/knowledge-base/search.html and search for this specific error message number.
Error (204012): Can't generate netlist output files because the file "/home/tomas/ws_cad/sdr.hdl/tx/NCO/synthesis/submodules/asj_nco_mob_rw.v" is an OpenCore Plus time-limited file. Remove the unlicensed cores or obtain a license for those OpenCore Plus time-limited IP cores used in the design. The Altera Knowledge Database contains many articles with specific details on how to resolve this error. Visit the Knowledge Database at https://www.altera.com/support/support-resources/knowledge-base/search.html and search for this specific error message number.
Error (204009): Can't generate netlist output files because the license for encrypted file "/home/tomas/ws_cad/sdr.hdl/tx/CICU/synthesis/submodules/auk_dspip_avalon_streaming_controller.vhd" is not available
Error (204009): Can't generate netlist output files because the license for encrypted file "/home/tomas/ws_cad/sdr.hdl/tx/CICU/synthesis/submodules/auk_dspip_integrator.vhd" is not available
Error (204009): Can't generate netlist output files because the license for encrypted file "/home/tomas/ws_cad/sdr.hdl/tx/CICU/synthesis/submodules/alt_cic_core.sv" is not available
Error (204009): Can't generate netlist output files because the license for encrypted file "/home/tomas/ws_cad/sdr.hdl/tx/NCO/synthesis/submodules/sid_2c_1p.v" is not available
Error (204009): Can't generate netlist output files because the license for encrypted file "/home/tomas/ws_cad/sdr.hdl/tx/NCO/synthesis/submodules/asj_altqmcpipe.v" is not available
Error (204009): Can't generate netlist output files because the license for encrypted file "/home/tomas/ws_cad/sdr.hdl/tx/NCO/synthesis/submodules/asj_xnqg.v" is not available
Error (204009): Can't generate netlist output files because the license for encrypted file "/home/tomas/ws_cad/sdr.hdl/tx/NCO/synthesis/submodules/asj_nco_apr_dxx.v" is not available
Error (204009): Can't generate netlist output files because the license for encrypted file "/home/tomas/ws_cad/sdr.hdl/tx/NCO/synthesis/submodules/segment_arr_tdl.v" is not available
Error (204009): Can't generate netlist output files because the license for encrypted file "/home/tomas/ws_cad/sdr.hdl/tx/CICU/synthesis/submodules/auk_dspip_avalon_streaming_source.vhd" is not available
Error (204009): Can't generate netlist output files because the license for encrypted file "/home/tomas/ws_cad/sdr.hdl/tx/CICU/synthesis/submodules/alt_dsp_cic_common_pkg.sv" is not available
Error (204009): Can't generate netlist output files because the license for encrypted file "/home/tomas/ws_cad/sdr.hdl/tx/CICU/synthesis/submodules/auk_dspip_avalon_streaming_small_fifo.vhd" is not available
Error (204009): Can't generate netlist output files because the license for encrypted file "/home/tomas/ws_cad/sdr.hdl/tx/CICU/synthesis/submodules/alt_cic_int_siso.sv" is not available
Error (204009): Can't generate netlist output files because the license for encrypted file "/home/tomas/ws_cad/sdr.hdl/tx/CICU/synthesis/submodules/counter_module.sv" is not available
Error (204009): Can't generate netlist output files because the license for encrypted file "/home/tomas/ws_cad/sdr.hdl/tx/NCO/synthesis/submodules/asj_gar.v" is not available
Error (204009): Can't generate netlist output files because the license for encrypted file "/home/tomas/ws_cad/sdr.hdl/tx/NCO/synthesis/submodules/asj_nco_isdr.v" is not available
Error (204009): Can't generate netlist output files because the license for encrypted file "/home/tomas/ws_cad/sdr.hdl/tx/NCO/synthesis/submodules/asj_nco_as_m_cen.v" is not available
Error (204009): Can't generate netlist output files because the license for encrypted file "/home/tomas/ws_cad/sdr.hdl/tx/NCO/synthesis/submodules/asj_dxx.v" is not available
Error (204009): Can't generate netlist output files because the license for encrypted file "/home/tomas/ws_cad/sdr.hdl/tx/CICU/synthesis/submodules/auk_dspip_avalon_streaming_sink.vhd" is not available
Error (204009): Can't generate netlist output files because the license for encrypted file "/home/tomas/ws_cad/sdr.hdl/tx/CICU/synthesis/submodules/auk_dspip_differentiator.vhd" is not available
Error (204009): Can't generate netlist output files because the license for encrypted file "/home/tomas/ws_cad/sdr.hdl/tx/CICU/synthesis/submodules/auk_dspip_upsample.vhd" is not available
Error (204009): Can't generate netlist output files because the license for encrypted file "/home/tomas/ws_cad/sdr.hdl/tx/NCO/synthesis/submodules/asj_dxx_g.v" is not available
Error (204009): Can't generate netlist output files because the license for encrypted file "/home/tomas/ws_cad/sdr.hdl/tx/NCO/synthesis/submodules/segment_sel.v" is not available
Error (204009): Can't generate netlist output files because the license for encrypted file "/home/tomas/ws_cad/sdr.hdl/tx/NCO/synthesis/submodules/asj_nco_fxx.v" is not available
Error (204009): Can't generate netlist output files because the license for encrypted file "/home/tomas/ws_cad/sdr.hdl/tx/NCO/synthesis/submodules/asj_nco_mob_rw.v" is not available
Error (204012): Can't generate netlist output files because the file "/home/tomas/ws_cad/sdr.hdl/tx/CICU/synthesis/submodules/auk_dspip_avalon_streaming_controller.vhd" is an OpenCore Plus time-limited file. Remove the unlicensed cores or obtain a license for those OpenCore Plus time-limited IP cores used in the design. The Altera Knowledge Database contains many articles with specific details on how to resolve this error. Visit the Knowledge Database at https://www.altera.com/support/support-resources/knowledge-base/search.html and search for this specific error message number.
Error (204012): Can't generate netlist output files because the file "/home/tomas/ws_cad/sdr.hdl/tx/CICU/synthesis/submodules/auk_dspip_integrator.vhd" is an OpenCore Plus time-limited file. Remove the unlicensed cores or obtain a license for those OpenCore Plus time-limited IP cores used in the design. The Altera Knowledge Database contains many articles with specific details on how to resolve this error. Visit the Knowledge Database at https://www.altera.com/support/support-resources/knowledge-base/search.html and search for this specific error message number.
Error (204012): Can't generate netlist output files because the file "/home/tomas/ws_cad/sdr.hdl/tx/CICU/synthesis/submodules/alt_cic_core.sv" is an OpenCore Plus time-limited file. Remove the unlicensed cores or obtain a license for those OpenCore Plus time-limited IP cores used in the design. The Altera Knowledge Database contains many articles with specific details on how to resolve this error. Visit the Knowledge Database at https://www.altera.com/support/support-resources/knowledge-base/search.html and search for this specific error message number.
Error (204012): Can't generate netlist output files because the file "/home/tomas/ws_cad/sdr.hdl/tx/NCO/synthesis/submodules/sid_2c_1p.v" is an OpenCore Plus time-limited file. Remove the unlicensed cores or obtain a license for those OpenCore Plus time-limited IP cores used in the design. The Altera Knowledge Database contains many articles with specific details on how to resolve this error. Visit the Knowledge Database at https://www.altera.com/support/support-resources/knowledge-base/search.html and search for this specific error message number.
Error (204012): Can't generate netlist output files because the file "/home/tomas/ws_cad/sdr.hdl/tx/NCO/synthesis/submodules/asj_altqmcpipe.v" is an OpenCore Plus time-limited file. Remove the unlicensed cores or obtain a license for those OpenCore Plus time-limited IP cores used in the design. The Altera Knowledge Database contains many articles with specific details on how to resolve this error. Visit the Knowledge Database at https://www.altera.com/support/support-resources/knowledge-base/search.html and search for this specific error message number.
Error (204012): Can't generate netlist output files because the file "/home/tomas/ws_cad/sdr.hdl/tx/NCO/synthesis/submodules/asj_xnqg.v" is an OpenCore Plus time-limited file. Remove the unlicensed cores or obtain a license for those OpenCore Plus time-limited IP cores used in the design. The Altera Knowledge Database contains many articles with specific details on how to resolve this error. Visit the Knowledge Database at https://www.altera.com/support/support-resources/knowledge-base/search.html and search for this specific error message number.
Error (204012): Can't generate netlist output files because the file "/home/tomas/ws_cad/sdr.hdl/tx/NCO/synthesis/submodules/asj_nco_apr_dxx.v" is an OpenCore Plus time-limited file. Remove the unlicensed cores or obtain a license for those OpenCore Plus time-limited IP cores used in the design. The Altera Knowledge Database contains many articles with specific details on how to resolve this error. Visit the Knowledge Database at https://www.altera.com/support/support-resources/knowledge-base/search.html and search for this specific error message number.
Error (204012): Can't generate netlist output files because the file "/home/tomas/ws_cad/sdr.hdl/tx/NCO/synthesis/submodules/segment_arr_tdl.v" is an OpenCore Plus time-limited file. Remove the unlicensed cores or obtain a license for those OpenCore Plus time-limited IP cores used in the design. The Altera Knowledge Database contains many articles with specific details on how to resolve this error. Visit the Knowledge Database at https://www.altera.com/support/support-resources/knowledge-base/search.html and search for this specific error message number.
Error (204012): Can't generate netlist output files because the file "/home/tomas/ws_cad/sdr.hdl/tx/CICU/synthesis/submodules/auk_dspip_avalon_streaming_source.vhd" is an OpenCore Plus time-limited file. Remove the unlicensed cores or obtain a license for those OpenCore Plus time-limited IP cores used in the design. The Altera Knowledge Database contains many articles with specific details on how to resolve this error. Visit the Knowledge Database at https://www.altera.com/support/support-resources/knowledge-base/search.html and search for this specific error message number.
Error (204012): Can't generate netlist output files because the file "/home/tomas/ws_cad/sdr.hdl/tx/CICU/synthesis/submodules/alt_dsp_cic_common_pkg.sv" is an OpenCore Plus time-limited file. Remove the unlicensed cores or obtain a license for those OpenCore Plus time-limited IP cores used in the design. The Altera Knowledge Database contains many articles with specific details on how to resolve this error. Visit the Knowledge Database at https://www.altera.com/support/support-resources/knowledge-base/search.html and search for this specific error message number.
Error (204012): Can't generate netlist output files because the file "/home/tomas/ws_cad/sdr.hdl/tx/CICU/synthesis/submodules/auk_dspip_avalon_streaming_small_fifo.vhd" is an OpenCore Plus time-limited file. Remove the unlicensed cores or obtain a license for those OpenCore Plus time-limited IP cores used in the design. The Altera Knowledge Database contains many articles with specific details on how to resolve this error. Visit the Knowledge Database at https://www.altera.com/support/support-resources/knowledge-base/search.html and search for this specific error message number.
Error (204012): Can't generate netlist output files because the file "/home/tomas/ws_cad/sdr.hdl/tx/CICU/synthesis/submodules/alt_cic_int_siso.sv" is an OpenCore Plus time-limited file. Remove the unlicensed cores or obtain a license for those OpenCore Plus time-limited IP cores used in the design. The Altera Knowledge Database contains many articles with specific details on how to resolve this error. Visit the Knowledge Database at https://www.altera.com/support/support-resources/knowledge-base/search.html and search for this specific error message number.
Error (204012): Can't generate netlist output files because the file "/home/tomas/ws_cad/sdr.hdl/tx/CICU/synthesis/submodules/counter_module.sv" is an OpenCore Plus time-limited file. Remove the unlicensed cores or obtain a license for those OpenCore Plus time-limited IP cores used in the design. The Altera Knowledge Database contains many articles with specific details on how to resolve this error. Visit the Knowledge Database at https://www.altera.com/support/support-resources/knowledge-base/search.html and search for this specific error message number.
Error (204012): Can't generate netlist output files because the file "/home/tomas/ws_cad/sdr.hdl/tx/NCO/synthesis/submodules/asj_gar.v" is an OpenCore Plus time-limited file. Remove the unlicensed cores or obtain a license for those OpenCore Plus time-limited IP cores used in the design. The Altera Knowledge Database contains many articles with specific details on how to resolve this error. Visit the Knowledge Database at https://www.altera.com/support/support-resources/knowledge-base/search.html and search for this specific error message number.
Error (204012): Can't generate netlist output files because the file "/home/tomas/ws_cad/sdr.hdl/tx/NCO/synthesis/submodules/asj_nco_isdr.v" is an OpenCore Plus time-limited file. Remove the unlicensed cores or obtain a license for those OpenCore Plus time-limited IP cores used in the design. The Altera Knowledge Database contains many articles with specific details on how to resolve this error. Visit the Knowledge Database at https://www.altera.com/support/support-resources/knowledge-base/search.html and search for this specific error message number.
Error (204012): Can't generate netlist output files because the file "/home/tomas/ws_cad/sdr.hdl/tx/NCO/synthesis/submodules/asj_nco_as_m_cen.v" is an OpenCore Plus time-limited file. Remove the unlicensed cores or obtain a license for those OpenCore Plus time-limited IP cores used in the design. The Altera Knowledge Database contains many articles with specific details on how to resolve this error. Visit the Knowledge Database at https://www.altera.com/support/support-resources/knowledge-base/search.html and search for this specific error message number.
Error (204012): Can't generate netlist output files because the file "/home/tomas/ws_cad/sdr.hdl/tx/NCO/synthesis/submodules/asj_dxx.v" is an OpenCore Plus time-limited file. Remove the unlicensed cores or obtain a license for those OpenCore Plus time-limited IP cores used in the design. The Altera Knowledge Database contains many articles with specific details on how to resolve this error. Visit the Knowledge Database at https://www.altera.com/support/support-resources/knowledge-base/search.html and search for this specific error message number.
Error (204012): Can't generate netlist output files because the file "/home/tomas/ws_cad/sdr.hdl/tx/CICU/synthesis/submodules/auk_dspip_avalon_streaming_sink.vhd" is an OpenCore Plus time-limited file. Remove the unlicensed cores or obtain a license for those OpenCore Plus time-limited IP cores used in the design. The Altera Knowledge Database contains many articles with specific details on how to resolve this error. Visit the Knowledge Database at https://www.altera.com/support/support-resources/knowledge-base/search.html and search for this specific error message number.
Error (204012): Can't generate netlist output files because the file "/home/tomas/ws_cad/sdr.hdl/tx/CICU/synthesis/submodules/auk_dspip_differentiator.vhd" is an OpenCore Plus time-limited file. Remove the unlicensed cores or obtain a license for those OpenCore Plus time-limited IP cores used in the design. The Altera Knowledge Database contains many articles with specific details on how to resolve this error. Visit the Knowledge Database at https://www.altera.com/support/support-resources/knowledge-base/search.html and search for this specific error message number.
Error (204012): Can't generate netlist output files because the file "/home/tomas/ws_cad/sdr.hdl/tx/CICU/synthesis/submodules/auk_dspip_upsample.vhd" is an OpenCore Plus time-limited file. Remove the unlicensed cores or obtain a license for those OpenCore Plus time-limited IP cores used in the design. The Altera Knowledge Database contains many articles with specific details on how to resolve this error. Visit the Knowledge Database at https://www.altera.com/support/support-resources/knowledge-base/search.html and search for this specific error message number.
Error (204012): Can't generate netlist output files because the file "/home/tomas/ws_cad/sdr.hdl/tx/NCO/synthesis/submodules/asj_dxx_g.v" is an OpenCore Plus time-limited file. Remove the unlicensed cores or obtain a license for those OpenCore Plus time-limited IP cores used in the design. The Altera Knowledge Database contains many articles with specific details on how to resolve this error. Visit the Knowledge Database at https://www.altera.com/support/support-resources/knowledge-base/search.html and search for this specific error message number.
Error (204012): Can't generate netlist output files because the file "/home/tomas/ws_cad/sdr.hdl/tx/NCO/synthesis/submodules/segment_sel.v" is an OpenCore Plus time-limited file. Remove the unlicensed cores or obtain a license for those OpenCore Plus time-limited IP cores used in the design. The Altera Knowledge Database contains many articles with specific details on how to resolve this error. Visit the Knowledge Database at https://www.altera.com/support/support-resources/knowledge-base/search.html and search for this specific error message number.
Error (204012): Can't generate netlist output files because the file "/home/tomas/ws_cad/sdr.hdl/tx/NCO/synthesis/submodules/asj_nco_fxx.v" is an OpenCore Plus time-limited file. Remove the unlicensed cores or obtain a license for those OpenCore Plus time-limited IP cores used in the design. The Altera Knowledge Database contains many articles with specific details on how to resolve this error. Visit the Knowledge Database at https://www.altera.com/support/support-resources/knowledge-base/search.html and search for this specific error message number.
Error (204012): Can't generate netlist output files because the file "/home/tomas/ws_cad/sdr.hdl/tx/NCO/synthesis/submodules/asj_nco_mob_rw.v" is an OpenCore Plus time-limited file. Remove the unlicensed cores or obtain a license for those OpenCore Plus time-limited IP cores used in the design. The Altera Knowledge Database contains many articles with specific details on how to resolve this error. Visit the Knowledge Database at https://www.altera.com/support/support-resources/knowledge-base/search.html and search for this specific error message number.
Error (204009): Can't generate netlist output files because the license for encrypted file "/home/tomas/ws_cad/sdr.hdl/tx/CICU/synthesis/submodules/auk_dspip_avalon_streaming_controller.vhd" is not available
Error (204009): Can't generate netlist output files because the license for encrypted file "/home/tomas/ws_cad/sdr.hdl/tx/CICU/synthesis/submodules/auk_dspip_integrator.vhd" is not available
Error (204009): Can't generate netlist output files because the license for encrypted file "/home/tomas/ws_cad/sdr.hdl/tx/CICU/synthesis/submodules/alt_cic_core.sv" is not available
Error (204009): Can't generate netlist output files because the license for encrypted file "/home/tomas/ws_cad/sdr.hdl/tx/NCO/synthesis/submodules/sid_2c_1p.v" is not available
Error (204009): Can't generate netlist output files because the license for encrypted file "/home/tomas/ws_cad/sdr.hdl/tx/NCO/synthesis/submodules/asj_altqmcpipe.v" is not available
Error (204009): Can't generate netlist output files because the license for encrypted file "/home/tomas/ws_cad/sdr.hdl/tx/NCO/synthesis/submodules/asj_xnqg.v" is not available
Error (204009): Can't generate netlist output files because the license for encrypted file "/home/tomas/ws_cad/sdr.hdl/tx/NCO/synthesis/submodules/asj_nco_apr_dxx.v" is not available
Error (204009): Can't generate netlist output files because the license for encrypted file "/home/tomas/ws_cad/sdr.hdl/tx/NCO/synthesis/submodules/segment_arr_tdl.v" is not available
Error (204009): Can't generate netlist output files because the license for encrypted file "/home/tomas/ws_cad/sdr.hdl/tx/CICU/synthesis/submodules/auk_dspip_avalon_streaming_source.vhd" is not available
Error (204009): Can't generate netlist output files because the license for encrypted file "/home/tomas/ws_cad/sdr.hdl/tx/CICU/synthesis/submodules/alt_dsp_cic_common_pkg.sv" is not available
Error (204009): Can't generate netlist output files because the license for encrypted file "/home/tomas/ws_cad/sdr.hdl/tx/CICU/synthesis/submodules/auk_dspip_avalon_streaming_small_fifo.vhd" is not available
Error (204009): Can't generate netlist output files because the license for encrypted file "/home/tomas/ws_cad/sdr.hdl/tx/CICU/synthesis/submodules/alt_cic_int_siso.sv" is not available
Error (204009): Can't generate netlist output files because the license for encrypted file "/home/tomas/ws_cad/sdr.hdl/tx/CICU/synthesis/submodules/counter_module.sv" is not available
Error (204009): Can't generate netlist output files because the license for encrypted file "/home/tomas/ws_cad/sdr.hdl/tx/NCO/synthesis/submodules/asj_gar.v" is not available
Error (204009): Can't generate netlist output files because the license for encrypted file "/home/tomas/ws_cad/sdr.hdl/tx/NCO/synthesis/submodules/asj_nco_isdr.v" is not available
Error (204009): Can't generate netlist output files because the license for encrypted file "/home/tomas/ws_cad/sdr.hdl/tx/NCO/synthesis/submodules/asj_nco_as_m_cen.v" is not available
Error (204009): Can't generate netlist output files because the license for encrypted file "/home/tomas/ws_cad/sdr.hdl/tx/NCO/synthesis/submodules/asj_dxx.v" is not available
Error (204009): Can't generate netlist output files because the license for encrypted file "/home/tomas/ws_cad/sdr.hdl/tx/CICU/synthesis/submodules/auk_dspip_avalon_streaming_sink.vhd" is not available
Error (204009): Can't generate netlist output files because the license for encrypted file "/home/tomas/ws_cad/sdr.hdl/tx/CICU/synthesis/submodules/auk_dspip_differentiator.vhd" is not available
Error (204009): Can't generate netlist output files because the license for encrypted file "/home/tomas/ws_cad/sdr.hdl/tx/CICU/synthesis/submodules/auk_dspip_upsample.vhd" is not available
Error (204009): Can't generate netlist output files because the license for encrypted file "/home/tomas/ws_cad/sdr.hdl/tx/NCO/synthesis/submodules/asj_dxx_g.v" is not available
Error (204009): Can't generate netlist output files because the license for encrypted file "/home/tomas/ws_cad/sdr.hdl/tx/NCO/synthesis/submodules/segment_sel.v" is not available
Error (204009): Can't generate netlist output files because the license for encrypted file "/home/tomas/ws_cad/sdr.hdl/tx/NCO/synthesis/submodules/asj_nco_fxx.v" is not available
Error (204009): Can't generate netlist output files because the license for encrypted file "/home/tomas/ws_cad/sdr.hdl/tx/NCO/synthesis/submodules/asj_nco_mob_rw.v" is not available
Error: Quartus Prime EDA Netlist Writer was unsuccessful. 144 errors, 0 warnings
    Error: Peak virtual memory: 1458 megabytes
    Error: Processing ended: Sat Dec 19 09:58:37 2015
    Error: Elapsed time: 00:00:02
    Error: Total CPU time (on all processors): 00:00:02


