Flow report for C5G
Sun Dec 20 19:41:59 2015
Quartus Prime Version 15.1.0 Build 185 10/21/2015 SJ Lite Edition


---------------------
; Table of Contents ;
---------------------
  1. Legal Notice
  2. Flow Summary
  3. Flow Settings
  4. Flow Non-Default Global Settings
  5. Flow Elapsed Time
  6. Flow OS Summary
  7. Flow Log
  8. Flow Messages
  9. Flow Suppressed Messages



----------------
; Legal Notice ;
----------------
Copyright (C) 1991-2015 Altera Corporation. All rights reserved.
Your use of Altera Corporation's design tools, logic functions 
and other software and tools, and its AMPP partner logic 
functions, and any output files from any of the foregoing 
(including device programming or simulation files), and any 
associated documentation or information are expressly subject 
to the terms and conditions of the Altera Program License 
Subscription Agreement, the Altera Quartus Prime License Agreement,
the Altera MegaCore Function License Agreement, or other 
applicable license agreement, including, without limitation, 
that your use is for the sole purpose of programming logic 
devices manufactured by Altera and sold by Altera or its 
authorized distributors.  Please refer to the applicable 
agreement for further details.



+-------------------------------------------------------------------------------+
; Flow Summary                                                                  ;
+---------------------------------+---------------------------------------------+
; Flow Status                     ; Successful - Sun Dec 20 19:41:59 2015       ;
; Quartus Prime Version           ; 15.1.0 Build 185 10/21/2015 SJ Lite Edition ;
; Revision Name                   ; C5G                                         ;
; Top-level Entity Name           ; C5G                                         ;
; Family                          ; Cyclone V                                   ;
; Device                          ; 5CGXFC5C6F27C7                              ;
; Timing Models                   ; Final                                       ;
; Logic utilization (in ALMs)     ; N/A                                         ;
; Total registers                 ; 451                                         ;
; Total pins                      ; 46                                          ;
; Total virtual pins              ; 0                                           ;
; Total block memory bits         ; 4,096                                       ;
; Total DSP Blocks                ; 0                                           ;
; Total HSSI RX PCSs              ; 1                                           ;
; Total HSSI PMA RX Deserializers ; 1                                           ;
; Total HSSI TX PCSs              ; 1                                           ;
; Total HSSI PMA TX Serializers   ; 1                                           ;
; Total PLLs                      ; 2                                           ;
; Total DLLs                      ; 0                                           ;
+---------------------------------+---------------------------------------------+


+-----------------------------------------+
; Flow Settings                           ;
+-------------------+---------------------+
; Option            ; Setting             ;
+-------------------+---------------------+
; Start date & time ; 12/20/2015 19:41:44 ;
; Main task         ; Compilation         ;
; Revision Name     ; C5G                 ;
+-------------------+---------------------+


+-------------------------------------------------------------------------------------------------------------------------------------------------------------------------+
; Flow Non-Default Global Settings                                                                                                                                        ;
+--------------------------------------+-----------------------------------------------------------------------------------+---------------+-------------+----------------+
; Assignment Name                      ; Value                                                                             ; Default Value ; Entity Name ; Section Id     ;
+--------------------------------------+-----------------------------------------------------------------------------------+---------------+-------------+----------------+
; COMPILER_SIGNATURE_ID                ; 0.145063690428073                                                                 ; --            ; --          ; --             ;
; EDA_DESIGN_INSTANCE_NAME             ; NA                                                                                ; --            ; --          ; tb             ;
; EDA_NATIVELINK_SIMULATION_TEST_BENCH ; tb                                                                                ; --            ; --          ; eda_simulation ;
; EDA_OUTPUT_DATA_FORMAT               ; Vhdl                                                                              ; --            ; --          ; eda_simulation ;
; EDA_SIMULATION_TOOL                  ; ModelSim-Altera (VHDL)                                                            ; <None>        ; --          ; --             ;
; EDA_TEST_BENCH_ENABLE_STATUS         ; TEST_BENCH_MODE                                                                   ; --            ; --          ; eda_simulation ;
; EDA_TEST_BENCH_FILE                  ; tb.vhd                                                                            ; --            ; --          ; tb             ;
; EDA_TEST_BENCH_MODULE_NAME           ; testbench                                                                         ; --            ; --          ; tb             ;
; EDA_TEST_BENCH_NAME                  ; tb                                                                                ; --            ; --          ; eda_simulation ;
; MAX_CORE_JUNCTION_TEMP               ; 85                                                                                ; --            ; --          ; --             ;
; MIN_CORE_JUNCTION_TEMP               ; 0                                                                                 ; --            ; --          ; --             ;
; MISC_FILE                            ; rx.cmp                                                                            ; --            ; --          ; --             ;
; MISC_FILE                            ; rx_sim/rx.vhd                                                                     ; --            ; --          ; --             ;
; MISC_FILE                            ; rx_sim/altera_xcvr_native_cv/altera_xcvr_functions.sv                             ; --            ; --          ; --             ;
; MISC_FILE                            ; rx_sim/altera_xcvr_native_cv/mentor/altera_xcvr_functions.sv                      ; --            ; --          ; --             ;
; MISC_FILE                            ; rx_sim/altera_xcvr_native_cv/sv_reconfig_bundle_to_xcvr.sv                        ; --            ; --          ; --             ;
; MISC_FILE                            ; rx_sim/altera_xcvr_native_cv/sv_reconfig_bundle_to_ip.sv                          ; --            ; --          ; --             ;
; MISC_FILE                            ; rx_sim/altera_xcvr_native_cv/sv_reconfig_bundle_merger.sv                         ; --            ; --          ; --             ;
; MISC_FILE                            ; rx_sim/altera_xcvr_native_cv/mentor/sv_reconfig_bundle_to_xcvr.sv                 ; --            ; --          ; --             ;
; MISC_FILE                            ; rx_sim/altera_xcvr_native_cv/mentor/sv_reconfig_bundle_to_ip.sv                   ; --            ; --          ; --             ;
; MISC_FILE                            ; rx_sim/altera_xcvr_native_cv/mentor/sv_reconfig_bundle_merger.sv                  ; --            ; --          ; --             ;
; MISC_FILE                            ; rx_sim/altera_xcvr_native_cv/av_xcvr_h.sv                                         ; --            ; --          ; --             ;
; MISC_FILE                            ; rx_sim/altera_xcvr_native_cv/av_xcvr_avmm_csr.sv                                  ; --            ; --          ; --             ;
; MISC_FILE                            ; rx_sim/altera_xcvr_native_cv/av_tx_pma_ch.sv                                      ; --            ; --          ; --             ;
; MISC_FILE                            ; rx_sim/altera_xcvr_native_cv/av_tx_pma.sv                                         ; --            ; --          ; --             ;
; MISC_FILE                            ; rx_sim/altera_xcvr_native_cv/av_rx_pma.sv                                         ; --            ; --          ; --             ;
; MISC_FILE                            ; rx_sim/altera_xcvr_native_cv/av_pma.sv                                            ; --            ; --          ; --             ;
; MISC_FILE                            ; rx_sim/altera_xcvr_native_cv/av_pcs_ch.sv                                         ; --            ; --          ; --             ;
; MISC_FILE                            ; rx_sim/altera_xcvr_native_cv/av_pcs.sv                                            ; --            ; --          ; --             ;
; MISC_FILE                            ; rx_sim/altera_xcvr_native_cv/av_xcvr_avmm.sv                                      ; --            ; --          ; --             ;
; MISC_FILE                            ; rx_sim/altera_xcvr_native_cv/av_xcvr_native.sv                                    ; --            ; --          ; --             ;
; MISC_FILE                            ; rx_sim/altera_xcvr_native_cv/av_xcvr_plls.sv                                      ; --            ; --          ; --             ;
; MISC_FILE                            ; rx_sim/altera_xcvr_native_cv/av_xcvr_data_adapter.sv                              ; --            ; --          ; --             ;
; MISC_FILE                            ; rx_sim/altera_xcvr_native_cv/av_reconfig_bundle_to_basic.sv                       ; --            ; --          ; --             ;
; MISC_FILE                            ; rx_sim/altera_xcvr_native_cv/av_reconfig_bundle_to_xcvr.sv                        ; --            ; --          ; --             ;
; MISC_FILE                            ; rx_sim/altera_xcvr_native_cv/mentor/av_xcvr_h.sv                                  ; --            ; --          ; --             ;
; MISC_FILE                            ; rx_sim/altera_xcvr_native_cv/mentor/av_xcvr_avmm_csr.sv                           ; --            ; --          ; --             ;
; MISC_FILE                            ; rx_sim/altera_xcvr_native_cv/mentor/av_tx_pma_ch.sv                               ; --            ; --          ; --             ;
; MISC_FILE                            ; rx_sim/altera_xcvr_native_cv/mentor/av_tx_pma.sv                                  ; --            ; --          ; --             ;
; MISC_FILE                            ; rx_sim/altera_xcvr_native_cv/mentor/av_rx_pma.sv                                  ; --            ; --          ; --             ;
; MISC_FILE                            ; rx_sim/altera_xcvr_native_cv/mentor/av_pma.sv                                     ; --            ; --          ; --             ;
; MISC_FILE                            ; rx_sim/altera_xcvr_native_cv/mentor/av_pcs_ch.sv                                  ; --            ; --          ; --             ;
; MISC_FILE                            ; rx_sim/altera_xcvr_native_cv/mentor/av_pcs.sv                                     ; --            ; --          ; --             ;
; MISC_FILE                            ; rx_sim/altera_xcvr_native_cv/mentor/av_xcvr_avmm.sv                               ; --            ; --          ; --             ;
; MISC_FILE                            ; rx_sim/altera_xcvr_native_cv/mentor/av_xcvr_native.sv                             ; --            ; --          ; --             ;
; MISC_FILE                            ; rx_sim/altera_xcvr_native_cv/mentor/av_xcvr_plls.sv                               ; --            ; --          ; --             ;
; MISC_FILE                            ; rx_sim/altera_xcvr_native_cv/mentor/av_xcvr_data_adapter.sv                       ; --            ; --          ; --             ;
; MISC_FILE                            ; rx_sim/altera_xcvr_native_cv/mentor/av_reconfig_bundle_to_basic.sv                ; --            ; --          ; --             ;
; MISC_FILE                            ; rx_sim/altera_xcvr_native_cv/mentor/av_reconfig_bundle_to_xcvr.sv                 ; --            ; --          ; --             ;
; MISC_FILE                            ; rx_sim/altera_xcvr_native_cv/av_hssi_8g_rx_pcs_rbc.sv                             ; --            ; --          ; --             ;
; MISC_FILE                            ; rx_sim/altera_xcvr_native_cv/av_hssi_8g_tx_pcs_rbc.sv                             ; --            ; --          ; --             ;
; MISC_FILE                            ; rx_sim/altera_xcvr_native_cv/av_hssi_common_pcs_pma_interface_rbc.sv              ; --            ; --          ; --             ;
; MISC_FILE                            ; rx_sim/altera_xcvr_native_cv/av_hssi_common_pld_pcs_interface_rbc.sv              ; --            ; --          ; --             ;
; MISC_FILE                            ; rx_sim/altera_xcvr_native_cv/av_hssi_pipe_gen1_2_rbc.sv                           ; --            ; --          ; --             ;
; MISC_FILE                            ; rx_sim/altera_xcvr_native_cv/av_hssi_rx_pcs_pma_interface_rbc.sv                  ; --            ; --          ; --             ;
; MISC_FILE                            ; rx_sim/altera_xcvr_native_cv/av_hssi_rx_pld_pcs_interface_rbc.sv                  ; --            ; --          ; --             ;
; MISC_FILE                            ; rx_sim/altera_xcvr_native_cv/av_hssi_tx_pcs_pma_interface_rbc.sv                  ; --            ; --          ; --             ;
; MISC_FILE                            ; rx_sim/altera_xcvr_native_cv/av_hssi_tx_pld_pcs_interface_rbc.sv                  ; --            ; --          ; --             ;
; MISC_FILE                            ; rx_sim/altera_xcvr_native_cv/mentor/av_hssi_8g_rx_pcs_rbc.sv                      ; --            ; --          ; --             ;
; MISC_FILE                            ; rx_sim/altera_xcvr_native_cv/mentor/av_hssi_8g_tx_pcs_rbc.sv                      ; --            ; --          ; --             ;
; MISC_FILE                            ; rx_sim/altera_xcvr_native_cv/mentor/av_hssi_common_pcs_pma_interface_rbc.sv       ; --            ; --          ; --             ;
; MISC_FILE                            ; rx_sim/altera_xcvr_native_cv/mentor/av_hssi_common_pld_pcs_interface_rbc.sv       ; --            ; --          ; --             ;
; MISC_FILE                            ; rx_sim/altera_xcvr_native_cv/mentor/av_hssi_pipe_gen1_2_rbc.sv                    ; --            ; --          ; --             ;
; MISC_FILE                            ; rx_sim/altera_xcvr_native_cv/mentor/av_hssi_rx_pcs_pma_interface_rbc.sv           ; --            ; --          ; --             ;
; MISC_FILE                            ; rx_sim/altera_xcvr_native_cv/mentor/av_hssi_rx_pld_pcs_interface_rbc.sv           ; --            ; --          ; --             ;
; MISC_FILE                            ; rx_sim/altera_xcvr_native_cv/mentor/av_hssi_tx_pcs_pma_interface_rbc.sv           ; --            ; --          ; --             ;
; MISC_FILE                            ; rx_sim/altera_xcvr_native_cv/mentor/av_hssi_tx_pld_pcs_interface_rbc.sv           ; --            ; --          ; --             ;
; MISC_FILE                            ; rx_sim/altera_xcvr_native_cv/alt_reset_ctrl_lego.sv                               ; --            ; --          ; --             ;
; MISC_FILE                            ; rx_sim/altera_xcvr_native_cv/alt_reset_ctrl_tgx_cdrauto.sv                        ; --            ; --          ; --             ;
; MISC_FILE                            ; rx_sim/altera_xcvr_native_cv/alt_xcvr_resync.sv                                   ; --            ; --          ; --             ;
; MISC_FILE                            ; rx_sim/altera_xcvr_native_cv/mentor/alt_reset_ctrl_lego.sv                        ; --            ; --          ; --             ;
; MISC_FILE                            ; rx_sim/altera_xcvr_native_cv/mentor/alt_reset_ctrl_tgx_cdrauto.sv                 ; --            ; --          ; --             ;
; MISC_FILE                            ; rx_sim/altera_xcvr_native_cv/mentor/alt_xcvr_resync.sv                            ; --            ; --          ; --             ;
; MISC_FILE                            ; rx_sim/altera_xcvr_native_cv/alt_xcvr_csr_common_h.sv                             ; --            ; --          ; --             ;
; MISC_FILE                            ; rx_sim/altera_xcvr_native_cv/alt_xcvr_csr_common.sv                               ; --            ; --          ; --             ;
; MISC_FILE                            ; rx_sim/altera_xcvr_native_cv/alt_xcvr_csr_pcs8g_h.sv                              ; --            ; --          ; --             ;
; MISC_FILE                            ; rx_sim/altera_xcvr_native_cv/alt_xcvr_csr_pcs8g.sv                                ; --            ; --          ; --             ;
; MISC_FILE                            ; rx_sim/altera_xcvr_native_cv/alt_xcvr_csr_selector.sv                             ; --            ; --          ; --             ;
; MISC_FILE                            ; rx_sim/altera_xcvr_native_cv/alt_xcvr_mgmt2dec.sv                                 ; --            ; --          ; --             ;
; MISC_FILE                            ; rx_sim/altera_xcvr_native_cv/altera_wait_generate.v                               ; --            ; --          ; --             ;
; MISC_FILE                            ; rx_sim/altera_xcvr_native_cv/mentor/alt_xcvr_csr_common_h.sv                      ; --            ; --          ; --             ;
; MISC_FILE                            ; rx_sim/altera_xcvr_native_cv/mentor/alt_xcvr_csr_common.sv                        ; --            ; --          ; --             ;
; MISC_FILE                            ; rx_sim/altera_xcvr_native_cv/mentor/alt_xcvr_csr_pcs8g_h.sv                       ; --            ; --          ; --             ;
; MISC_FILE                            ; rx_sim/altera_xcvr_native_cv/mentor/alt_xcvr_csr_pcs8g.sv                         ; --            ; --          ; --             ;
; MISC_FILE                            ; rx_sim/altera_xcvr_native_cv/mentor/alt_xcvr_csr_selector.sv                      ; --            ; --          ; --             ;
; MISC_FILE                            ; rx_sim/altera_xcvr_native_cv/mentor/alt_xcvr_mgmt2dec.sv                          ; --            ; --          ; --             ;
; MISC_FILE                            ; rx_sim/altera_xcvr_native_cv/mentor/altera_wait_generate.v                        ; --            ; --          ; --             ;
; MISC_FILE                            ; rx_sim/altera_xcvr_native_cv/altera_xcvr_native_av_functions_h.sv                 ; --            ; --          ; --             ;
; MISC_FILE                            ; rx_sim/altera_xcvr_native_cv/altera_xcvr_native_av.sv                             ; --            ; --          ; --             ;
; MISC_FILE                            ; rx_sim/altera_xcvr_native_cv/altera_xcvr_data_adapter_av.sv                       ; --            ; --          ; --             ;
; MISC_FILE                            ; rx_sim/altera_xcvr_native_cv/mentor/altera_xcvr_native_av_functions_h.sv          ; --            ; --          ; --             ;
; MISC_FILE                            ; rx_sim/altera_xcvr_native_cv/mentor/altera_xcvr_native_av.sv                      ; --            ; --          ; --             ;
; MISC_FILE                            ; rx_sim/altera_xcvr_native_cv/mentor/altera_xcvr_data_adapter_av.sv                ; --            ; --          ; --             ;
; MISC_FILE                            ; rx_sim/altera_xcvr_native_cv/plain_files.txt                                      ; --            ; --          ; --             ;
; MISC_FILE                            ; rx_sim/altera_xcvr_native_cv/mentor_files.txt                                     ; --            ; --          ; --             ;
; MISC_FILE                            ; rx_sim/altera_xcvr_native_cv/cadence_files.txt                                    ; --            ; --          ; --             ;
; MISC_FILE                            ; rx_sim/altera_xcvr_native_cv/synopsys_files.txt                                   ; --            ; --          ; --             ;
; MISC_FILE                            ; rx_sim/altera_xcvr_native_cv/aldec_files.txt                                      ; --            ; --          ; --             ;
; MISC_FILE                            ; reconfig.cmp                                                                      ; --            ; --          ; --             ;
; MISC_FILE                            ; reconfig_sim/reconfig.vhd                                                         ; --            ; --          ; --             ;
; MISC_FILE                            ; reconfig_sim/alt_xcvr_reconfig/altera_xcvr_functions.sv                           ; --            ; --          ; --             ;
; MISC_FILE                            ; reconfig_sim/alt_xcvr_reconfig/mentor/altera_xcvr_functions.sv                    ; --            ; --          ; --             ;
; MISC_FILE                            ; reconfig_sim/alt_xcvr_reconfig/av_xcvr_h.sv                                       ; --            ; --          ; --             ;
; MISC_FILE                            ; reconfig_sim/alt_xcvr_reconfig/mentor/av_xcvr_h.sv                                ; --            ; --          ; --             ;
; MISC_FILE                            ; reconfig_sim/alt_xcvr_reconfig/alt_xcvr_resync.sv                                 ; --            ; --          ; --             ;
; MISC_FILE                            ; reconfig_sim/alt_xcvr_reconfig/mentor/alt_xcvr_resync.sv                          ; --            ; --          ; --             ;
; MISC_FILE                            ; reconfig_sim/alt_xcvr_reconfig/alt_xcvr_reconfig_h.sv                             ; --            ; --          ; --             ;
; MISC_FILE                            ; reconfig_sim/alt_xcvr_reconfig/mentor/alt_xcvr_reconfig_h.sv                      ; --            ; --          ; --             ;
; MISC_FILE                            ; reconfig_sim/alt_xcvr_reconfig/alt_xcvr_reconfig.sv                               ; --            ; --          ; --             ;
; MISC_FILE                            ; reconfig_sim/alt_xcvr_reconfig/mentor/alt_xcvr_reconfig.sv                        ; --            ; --          ; --             ;
; MISC_FILE                            ; reconfig_sim/alt_xcvr_reconfig/alt_xcvr_reconfig_cal_seq.sv                       ; --            ; --          ; --             ;
; MISC_FILE                            ; reconfig_sim/alt_xcvr_reconfig/mentor/alt_xcvr_reconfig_cal_seq.sv                ; --            ; --          ; --             ;
; MISC_FILE                            ; reconfig_sim/alt_xcvr_reconfig/alt_xreconf_cif.sv                                 ; --            ; --          ; --             ;
; MISC_FILE                            ; reconfig_sim/alt_xcvr_reconfig/mentor/alt_xreconf_cif.sv                          ; --            ; --          ; --             ;
; MISC_FILE                            ; reconfig_sim/alt_xcvr_reconfig/alt_xreconf_uif.sv                                 ; --            ; --          ; --             ;
; MISC_FILE                            ; reconfig_sim/alt_xcvr_reconfig/mentor/alt_xreconf_uif.sv                          ; --            ; --          ; --             ;
; MISC_FILE                            ; reconfig_sim/alt_xcvr_reconfig/alt_xreconf_basic_acq.sv                           ; --            ; --          ; --             ;
; MISC_FILE                            ; reconfig_sim/alt_xcvr_reconfig/mentor/alt_xreconf_basic_acq.sv                    ; --            ; --          ; --             ;
; MISC_FILE                            ; reconfig_sim/alt_xcvr_reconfig/alt_xcvr_reconfig_analog.sv                        ; --            ; --          ; --             ;
; MISC_FILE                            ; reconfig_sim/alt_xcvr_reconfig/mentor/alt_xcvr_reconfig_analog.sv                 ; --            ; --          ; --             ;
; MISC_FILE                            ; reconfig_sim/alt_xcvr_reconfig/alt_xcvr_reconfig_analog_av.sv                     ; --            ; --          ; --             ;
; MISC_FILE                            ; reconfig_sim/alt_xcvr_reconfig/mentor/alt_xcvr_reconfig_analog_av.sv              ; --            ; --          ; --             ;
; MISC_FILE                            ; reconfig_sim/alt_xcvr_reconfig/alt_xreconf_analog_datactrl_av.sv                  ; --            ; --          ; --             ;
; MISC_FILE                            ; reconfig_sim/alt_xcvr_reconfig/mentor/alt_xreconf_analog_datactrl_av.sv           ; --            ; --          ; --             ;
; MISC_FILE                            ; reconfig_sim/alt_xcvr_reconfig/alt_xreconf_analog_rmw_av.sv                       ; --            ; --          ; --             ;
; MISC_FILE                            ; reconfig_sim/alt_xcvr_reconfig/mentor/alt_xreconf_analog_rmw_av.sv                ; --            ; --          ; --             ;
; MISC_FILE                            ; reconfig_sim/alt_xcvr_reconfig/alt_xreconf_analog_ctrlsm.sv                       ; --            ; --          ; --             ;
; MISC_FILE                            ; reconfig_sim/alt_xcvr_reconfig/mentor/alt_xreconf_analog_ctrlsm.sv                ; --            ; --          ; --             ;
; MISC_FILE                            ; reconfig_sim/alt_xcvr_reconfig/alt_xcvr_reconfig_offset_cancellation.sv           ; --            ; --          ; --             ;
; MISC_FILE                            ; reconfig_sim/alt_xcvr_reconfig/mentor/alt_xcvr_reconfig_offset_cancellation.sv    ; --            ; --          ; --             ;
; MISC_FILE                            ; reconfig_sim/alt_xcvr_reconfig/alt_xcvr_reconfig_offset_cancellation_av.sv        ; --            ; --          ; --             ;
; MISC_FILE                            ; reconfig_sim/alt_xcvr_reconfig/mentor/alt_xcvr_reconfig_offset_cancellation_av.sv ; --            ; --          ; --             ;
; MISC_FILE                            ; reconfig_sim/alt_xcvr_reconfig/alt_xcvr_reconfig_eyemon.sv                        ; --            ; --          ; --             ;
; MISC_FILE                            ; reconfig_sim/alt_xcvr_reconfig/mentor/alt_xcvr_reconfig_eyemon.sv                 ; --            ; --          ; --             ;
; MISC_FILE                            ; reconfig_sim/alt_xcvr_reconfig/alt_xcvr_reconfig_dfe.sv                           ; --            ; --          ; --             ;
; MISC_FILE                            ; reconfig_sim/alt_xcvr_reconfig/mentor/alt_xcvr_reconfig_dfe.sv                    ; --            ; --          ; --             ;
; MISC_FILE                            ; reconfig_sim/alt_xcvr_reconfig/alt_xcvr_reconfig_adce.sv                          ; --            ; --          ; --             ;
; MISC_FILE                            ; reconfig_sim/alt_xcvr_reconfig/mentor/alt_xcvr_reconfig_adce.sv                   ; --            ; --          ; --             ;
; MISC_FILE                            ; reconfig_sim/alt_xcvr_reconfig/alt_xcvr_reconfig_dcd.sv                           ; --            ; --          ; --             ;
; MISC_FILE                            ; reconfig_sim/alt_xcvr_reconfig/mentor/alt_xcvr_reconfig_dcd.sv                    ; --            ; --          ; --             ;
; MISC_FILE                            ; reconfig_sim/alt_xcvr_reconfig/alt_xcvr_reconfig_dcd_av.sv                        ; --            ; --          ; --             ;
; MISC_FILE                            ; reconfig_sim/alt_xcvr_reconfig/alt_xcvr_reconfig_dcd_cal_av.sv                    ; --            ; --          ; --             ;
; MISC_FILE                            ; reconfig_sim/alt_xcvr_reconfig/alt_xcvr_reconfig_dcd_control_av.sv                ; --            ; --          ; --             ;
; MISC_FILE                            ; reconfig_sim/alt_xcvr_reconfig/mentor/alt_xcvr_reconfig_dcd_av.sv                 ; --            ; --          ; --             ;
; MISC_FILE                            ; reconfig_sim/alt_xcvr_reconfig/mentor/alt_xcvr_reconfig_dcd_cal_av.sv             ; --            ; --          ; --             ;
; MISC_FILE                            ; reconfig_sim/alt_xcvr_reconfig/mentor/alt_xcvr_reconfig_dcd_control_av.sv         ; --            ; --          ; --             ;
; MISC_FILE                            ; reconfig_sim/alt_xcvr_reconfig/alt_xcvr_reconfig_mif.sv                           ; --            ; --          ; --             ;
; MISC_FILE                            ; reconfig_sim/alt_xcvr_reconfig/mentor/alt_xcvr_reconfig_mif.sv                    ; --            ; --          ; --             ;
; MISC_FILE                            ; reconfig_sim/alt_xcvr_reconfig/av_xcvr_reconfig_mif.sv                            ; --            ; --          ; --             ;
; MISC_FILE                            ; reconfig_sim/alt_xcvr_reconfig/av_xcvr_reconfig_mif_ctrl.sv                       ; --            ; --          ; --             ;
; MISC_FILE                            ; reconfig_sim/alt_xcvr_reconfig/av_xcvr_reconfig_mif_avmm.sv                       ; --            ; --          ; --             ;
; MISC_FILE                            ; reconfig_sim/alt_xcvr_reconfig/mentor/av_xcvr_reconfig_mif.sv                     ; --            ; --          ; --             ;
; MISC_FILE                            ; reconfig_sim/alt_xcvr_reconfig/mentor/av_xcvr_reconfig_mif_ctrl.sv                ; --            ; --          ; --             ;
; MISC_FILE                            ; reconfig_sim/alt_xcvr_reconfig/mentor/av_xcvr_reconfig_mif_avmm.sv                ; --            ; --          ; --             ;
; MISC_FILE                            ; reconfig_sim/alt_xcvr_reconfig/alt_xcvr_reconfig_pll.sv                           ; --            ; --          ; --             ;
; MISC_FILE                            ; reconfig_sim/alt_xcvr_reconfig/mentor/alt_xcvr_reconfig_pll.sv                    ; --            ; --          ; --             ;
; MISC_FILE                            ; reconfig_sim/alt_xcvr_reconfig/av_xcvr_reconfig_pll.sv                            ; --            ; --          ; --             ;
; MISC_FILE                            ; reconfig_sim/alt_xcvr_reconfig/av_xcvr_reconfig_pll_ctrl.sv                       ; --            ; --          ; --             ;
; MISC_FILE                            ; reconfig_sim/alt_xcvr_reconfig/mentor/av_xcvr_reconfig_pll.sv                     ; --            ; --          ; --             ;
; MISC_FILE                            ; reconfig_sim/alt_xcvr_reconfig/mentor/av_xcvr_reconfig_pll_ctrl.sv                ; --            ; --          ; --             ;
; MISC_FILE                            ; reconfig_sim/alt_xcvr_reconfig/alt_xcvr_reconfig_soc.sv                           ; --            ; --          ; --             ;
; MISC_FILE                            ; reconfig_sim/alt_xcvr_reconfig/alt_xcvr_reconfig_cpu_ram.sv                       ; --            ; --          ; --             ;
; MISC_FILE                            ; reconfig_sim/alt_xcvr_reconfig/alt_xcvr_reconfig_cpu_ram.hex                      ; --            ; --          ; --             ;
; MISC_FILE                            ; reconfig_sim/alt_xcvr_reconfig/alt_xcvr_reconfig_direct.sv                        ; --            ; --          ; --             ;
; MISC_FILE                            ; reconfig_sim/alt_xcvr_reconfig/alt_arbiter_acq.sv                                 ; --            ; --          ; --             ;
; MISC_FILE                            ; reconfig_sim/alt_xcvr_reconfig/alt_xcvr_reconfig_basic.sv                         ; --            ; --          ; --             ;
; MISC_FILE                            ; reconfig_sim/alt_xcvr_reconfig/mentor/alt_arbiter_acq.sv                          ; --            ; --          ; --             ;
; MISC_FILE                            ; reconfig_sim/alt_xcvr_reconfig/mentor/alt_xcvr_reconfig_basic.sv                  ; --            ; --          ; --             ;
; MISC_FILE                            ; reconfig_sim/alt_xcvr_reconfig/av_xrbasic_l2p_addr.sv                             ; --            ; --          ; --             ;
; MISC_FILE                            ; reconfig_sim/alt_xcvr_reconfig/av_xrbasic_l2p_ch.sv                               ; --            ; --          ; --             ;
; MISC_FILE                            ; reconfig_sim/alt_xcvr_reconfig/av_xrbasic_l2p_rom.sv                              ; --            ; --          ; --             ;
; MISC_FILE                            ; reconfig_sim/alt_xcvr_reconfig/av_xrbasic_lif_csr.sv                              ; --            ; --          ; --             ;
; MISC_FILE                            ; reconfig_sim/alt_xcvr_reconfig/av_xrbasic_lif.sv                                  ; --            ; --          ; --             ;
; MISC_FILE                            ; reconfig_sim/alt_xcvr_reconfig/av_xcvr_reconfig_basic.sv                          ; --            ; --          ; --             ;
; MISC_FILE                            ; reconfig_sim/alt_xcvr_reconfig/mentor/av_xrbasic_l2p_addr.sv                      ; --            ; --          ; --             ;
; MISC_FILE                            ; reconfig_sim/alt_xcvr_reconfig/mentor/av_xrbasic_l2p_ch.sv                        ; --            ; --          ; --             ;
; MISC_FILE                            ; reconfig_sim/alt_xcvr_reconfig/mentor/av_xrbasic_l2p_rom.sv                       ; --            ; --          ; --             ;
; MISC_FILE                            ; reconfig_sim/alt_xcvr_reconfig/mentor/av_xrbasic_lif_csr.sv                       ; --            ; --          ; --             ;
; MISC_FILE                            ; reconfig_sim/alt_xcvr_reconfig/mentor/av_xrbasic_lif.sv                           ; --            ; --          ; --             ;
; MISC_FILE                            ; reconfig_sim/alt_xcvr_reconfig/mentor/av_xcvr_reconfig_basic.sv                   ; --            ; --          ; --             ;
; MISC_FILE                            ; reconfig_sim/alt_xcvr_reconfig/alt_xcvr_arbiter.sv                                ; --            ; --          ; --             ;
; MISC_FILE                            ; reconfig_sim/alt_xcvr_reconfig/alt_xcvr_m2s.sv                                    ; --            ; --          ; --             ;
; MISC_FILE                            ; reconfig_sim/alt_xcvr_reconfig/altera_wait_generate.v                             ; --            ; --          ; --             ;
; MISC_FILE                            ; reconfig_sim/alt_xcvr_reconfig/alt_xcvr_csr_selector.sv                           ; --            ; --          ; --             ;
; MISC_FILE                            ; reconfig_sim/alt_xcvr_reconfig/mentor/alt_xcvr_arbiter.sv                         ; --            ; --          ; --             ;
; MISC_FILE                            ; reconfig_sim/alt_xcvr_reconfig/mentor/alt_xcvr_m2s.sv                             ; --            ; --          ; --             ;
; MISC_FILE                            ; reconfig_sim/alt_xcvr_reconfig/mentor/altera_wait_generate.v                      ; --            ; --          ; --             ;
; MISC_FILE                            ; reconfig_sim/alt_xcvr_reconfig/mentor/alt_xcvr_csr_selector.sv                    ; --            ; --          ; --             ;
; MISC_FILE                            ; reconfig_sim/alt_xcvr_reconfig/sv_reconfig_bundle_to_basic.sv                     ; --            ; --          ; --             ;
; MISC_FILE                            ; reconfig_sim/alt_xcvr_reconfig/mentor/sv_reconfig_bundle_to_basic.sv              ; --            ; --          ; --             ;
; MISC_FILE                            ; reconfig_sim/alt_xcvr_reconfig/av_reconfig_bundle_to_basic.sv                     ; --            ; --          ; --             ;
; MISC_FILE                            ; reconfig_sim/alt_xcvr_reconfig/av_reconfig_bundle_to_xcvr.sv                      ; --            ; --          ; --             ;
; MISC_FILE                            ; reconfig_sim/alt_xcvr_reconfig/mentor/av_reconfig_bundle_to_basic.sv              ; --            ; --          ; --             ;
; MISC_FILE                            ; reconfig_sim/alt_xcvr_reconfig/mentor/av_reconfig_bundle_to_xcvr.sv               ; --            ; --          ; --             ;
; MISC_FILE                            ; reconfig_sim/alt_xcvr_reconfig/plain_files.txt                                    ; --            ; --          ; --             ;
; MISC_FILE                            ; reconfig_sim/alt_xcvr_reconfig/mentor_files.txt                                   ; --            ; --          ; --             ;
; MISC_FILE                            ; reconfig_sim/alt_xcvr_reconfig/cadence_files.txt                                  ; --            ; --          ; --             ;
; MISC_FILE                            ; reconfig_sim/alt_xcvr_reconfig/synopsys_files.txt                                 ; --            ; --          ; --             ;
; MISC_FILE                            ; reconfig_sim/alt_xcvr_reconfig/aldec_files.txt                                    ; --            ; --          ; --             ;
; MISC_FILE                            ; rx_reset.cmp                                                                      ; --            ; --          ; --             ;
; MISC_FILE                            ; rx_reset_sim/rx_reset.vhd                                                         ; --            ; --          ; --             ;
; MISC_FILE                            ; rx_reset_sim/altera_xcvr_reset_control/altera_xcvr_functions.sv                   ; --            ; --          ; --             ;
; MISC_FILE                            ; rx_reset_sim/altera_xcvr_reset_control/mentor/altera_xcvr_functions.sv            ; --            ; --          ; --             ;
; MISC_FILE                            ; rx_reset_sim/altera_xcvr_reset_control/alt_xcvr_resync.sv                         ; --            ; --          ; --             ;
; MISC_FILE                            ; rx_reset_sim/altera_xcvr_reset_control/mentor/alt_xcvr_resync.sv                  ; --            ; --          ; --             ;
; MISC_FILE                            ; rx_reset_sim/altera_xcvr_reset_control/altera_xcvr_reset_control.sv               ; --            ; --          ; --             ;
; MISC_FILE                            ; rx_reset_sim/altera_xcvr_reset_control/alt_xcvr_reset_counter.sv                  ; --            ; --          ; --             ;
; MISC_FILE                            ; rx_reset_sim/altera_xcvr_reset_control/mentor/altera_xcvr_reset_control.sv        ; --            ; --          ; --             ;
; MISC_FILE                            ; rx_reset_sim/altera_xcvr_reset_control/mentor/alt_xcvr_reset_counter.sv           ; --            ; --          ; --             ;
; MISC_FILE                            ; rx_reset_sim/altera_xcvr_reset_control/plain_files.txt                            ; --            ; --          ; --             ;
; MISC_FILE                            ; rx_reset_sim/altera_xcvr_reset_control/mentor_files.txt                           ; --            ; --          ; --             ;
; MISC_FILE                            ; rx_reset_sim/altera_xcvr_reset_control/cadence_files.txt                          ; --            ; --          ; --             ;
; MISC_FILE                            ; rx_reset_sim/altera_xcvr_reset_control/synopsys_files.txt                         ; --            ; --          ; --             ;
; MISC_FILE                            ; rx_reset_sim/altera_xcvr_reset_control/aldec_files.txt                            ; --            ; --          ; --             ;
; PARTITION_COLOR                      ; 16764057                                                                          ; --            ; --          ; Top            ;
; PARTITION_FITTER_PRESERVATION_LEVEL  ; PLACEMENT_AND_ROUTING                                                             ; --            ; --          ; Top            ;
; PARTITION_NETLIST_TYPE               ; SOURCE                                                                            ; --            ; --          ; Top            ;
; POWER_BOARD_THERMAL_MODEL            ; None (CONSERVATIVE)                                                               ; --            ; --          ; --             ;
; POWER_PRESET_COOLING_SOLUTION        ; 23 MM HEAT SINK WITH 200 LFPM AIRFLOW                                             ; --            ; --          ; --             ;
; SPD_FILE                             ; rx.spd                                                                            ; --            ; --          ; --             ;
; SPD_FILE                             ; reconfig.spd                                                                      ; --            ; --          ; --             ;
; SPD_FILE                             ; rx_reset.spd                                                                      ; --            ; --          ; --             ;
; SYNTHESIS_ONLY_QIP                   ; On                                                                                ; --            ; --          ; --             ;
; SYNTHESIS_ONLY_QIP                   ; On                                                                                ; --            ; --          ; --             ;
; SYNTHESIS_ONLY_QIP                   ; On                                                                                ; --            ; --          ; --             ;
+--------------------------------------+-----------------------------------------------------------------------------------+---------------+-------------+----------------+


+--------------------------------------------------------------------------------------------------------------------------+
; Flow Elapsed Time                                                                                                        ;
+----------------------+--------------+-------------------------+---------------------+------------------------------------+
; Module Name          ; Elapsed Time ; Average Processors Used ; Peak Virtual Memory ; Total CPU Time (on all processors) ;
+----------------------+--------------+-------------------------+---------------------+------------------------------------+
; Analysis & Synthesis ; 00:00:15     ; 1.0                     ; 1429 MB             ; 00:00:28                           ;
; Total                ; 00:00:15     ; --                      ; --                  ; 00:00:28                           ;
+----------------------+--------------+-------------------------+---------------------+------------------------------------+


+----------------------------------------------------------------------------------------+
; Flow OS Summary                                                                        ;
+----------------------+------------------+--------------+--------------+----------------+
; Module Name          ; Machine Hostname ; OS Name      ; OS Version   ; Processor type ;
+----------------------+------------------+--------------+--------------+----------------+
; Analysis & Synthesis ; fedora           ; CentOS Linux ; CentOS Linux ; x86_64         ;
+----------------------+------------------+--------------+--------------+----------------+


------------
; Flow Log ;
------------
quartus_map --read_settings_files=on --write_settings_files=off C5G -c C5G



