Info: Starting: Create simulation model
Info: qsys-generate C:\Users\tomas\Downloads\CodeGenerated\C5G\C5G\RS232.qsys --simulation=VERILOG --allow-mixed-language-simulation --output-directory=C:\Users\tomas\Downloads\CodeGenerated\C5G\C5G\RS232\simulation --family="Cyclone V" --part=5CGXFC5C6F27C7
Progress: Loading C5G/RS232.qsys
Progress: Reading input file
Progress: Adding rs232_0 [altera_up_avalon_rs232 15.1]
Progress: Parameterizing module rs232_0
Progress: Building connections
Progress: Parameterizing connections
Progress: Validating
Progress: Done reading input file
Info: RS232: Generating RS232 "RS232" for SIM_VERILOG
Info: rs232_0: Starting Generation of RS232 UART
Info: rs232_0: "RS232" instantiated altera_up_avalon_rs232 "rs232_0"
Info: RS232: Done "RS232" with 2 modules, 6 files
Info: qsys-generate succeeded.
Info: Finished: Create simulation model
Info: Starting: Create Modelsim Project.
Info: sim-script-gen --spd=C:\Users\tomas\Downloads\CodeGenerated\C5G\C5G\RS232\RS232.spd --output-directory=C:/Users/tomas/Downloads/CodeGenerated/C5G/C5G/RS232/simulation/ --use-relative-paths=true
Info: Doing: ip-make-simscript --spd=C:\Users\tomas\Downloads\CodeGenerated\C5G\C5G\RS232\RS232.spd --output-directory=C:/Users/tomas/Downloads/CodeGenerated/C5G/C5G/RS232/simulation/ --use-relative-paths=true
Info: Generating the following file(s) for MODELSIM simulator in C:/Users/tomas/Downloads/CodeGenerated/C5G/C5G/RS232/simulation/ directory:
Info: 	mentor/msim_setup.tcl
Info: Generating the following file(s) for VCS simulator in C:/Users/tomas/Downloads/CodeGenerated/C5G/C5G/RS232/simulation/ directory:
Info: 	synopsys/vcs/vcs_setup.sh
Info: Generating the following file(s) for VCSMX simulator in C:/Users/tomas/Downloads/CodeGenerated/C5G/C5G/RS232/simulation/ directory:
Info: 	synopsys/vcsmx/synopsys_sim.setup
Info: 	synopsys/vcsmx/vcsmx_setup.sh
Info: Generating the following file(s) for NCSIM simulator in C:/Users/tomas/Downloads/CodeGenerated/C5G/C5G/RS232/simulation/ directory:
Info: 	cadence/cds.lib
Info: 	cadence/hdl.var
Info: 	cadence/ncsim_setup.sh
Info: 	1 .cds.lib files in cadence/cds_libs/ directory
Info: Generating the following file(s) for RIVIERA simulator in C:/Users/tomas/Downloads/CodeGenerated/C5G/C5G/RS232/simulation/ directory:
Info: 	aldec/rivierapro_setup.tcl
Info: For information on how to simulate your IP, see the explanatory comments in the simulator-specific subdirectories under C:/Users/tomas/Downloads/CodeGenerated/C5G/C5G/RS232/simulation/.
Info: Finished: Create Modelsim Project.
Info: Starting: Create block symbol file (.bsf)
Info: qsys-generate C:\Users\tomas\Downloads\CodeGenerated\C5G\C5G\RS232.qsys --block-symbol-file --output-directory=C:\Users\tomas\Downloads\CodeGenerated\C5G\C5G\RS232 --family="Cyclone V" --part=5CGXFC5C6F27C7
Progress: Loading C5G/RS232.qsys
Progress: Reading input file
Progress: Adding rs232_0 [altera_up_avalon_rs232 15.1]
Progress: Parameterizing module rs232_0
Progress: Building connections
Progress: Parameterizing connections
Progress: Validating
Progress: Done reading input file
Info: qsys-generate succeeded.
Info: Finished: Create block symbol file (.bsf)
Info: 
Info: Starting: Create HDL design files for synthesis
Info: qsys-generate C:\Users\tomas\Downloads\CodeGenerated\C5G\C5G\RS232.qsys --synthesis=VERILOG --output-directory=C:\Users\tomas\Downloads\CodeGenerated\C5G\C5G\RS232\synthesis --family="Cyclone V" --part=5CGXFC5C6F27C7
Progress: Loading C5G/RS232.qsys
Progress: Reading input file
Progress: Adding rs232_0 [altera_up_avalon_rs232 15.1]
Progress: Parameterizing module rs232_0
Progress: Building connections
Progress: Parameterizing connections
Progress: Validating
Progress: Done reading input file
Info: RS232: Generating RS232 "RS232" for QUARTUS_SYNTH
Info: rs232_0: Starting Generation of RS232 UART
Info: rs232_0: "RS232" instantiated altera_up_avalon_rs232 "rs232_0"
Info: RS232: Done "RS232" with 2 modules, 6 files
Info: qsys-generate succeeded.
Info: Finished: Create HDL design files for synthesis
